<?xml version="1.0" encoding="UTF-8"?>
<testng-results ignored="0" total="6" passed="6" failed="0" skipped="0">
  <reporter-output>
  </reporter-output>
  <suite started-at="2024-07-27T01:49:20 MSK" name="Suite1" finished-at="2024-07-27T01:49:20 MSK" duration-ms="279">
    <groups>
    </groups>
    <test started-at="2024-07-27T01:49:20 MSK" name="functionaltest" finished-at="2024-07-27T01:49:20 MSK" duration-ms="161">
      <class name="com.example.Test2">
        <test-method signature="AuthPassiveModeTest()[pri:0, instance:com.example.Test2@654f0d9c]" started-at="2024-07-27T01:49:20 MSK" name="AuthPassiveModeTest" finished-at="2024-07-27T01:49:20 MSK" duration-ms="15" status="PASS">
          <reporter-output>
          </reporter-output>
        </test-method> <!-- AuthPassiveModeTest -->
      </class> <!-- com.example.Test2 -->
      <class name="com.example.Test1">
        <test-method signature="AuthActiveModeTest()[pri:0, instance:com.example.Test1@353d0772]" started-at="2024-07-27T01:49:20 MSK" name="AuthActiveModeTest" finished-at="2024-07-27T01:49:20 MSK" duration-ms="66" status="PASS">
          <reporter-output>
          </reporter-output>
        </test-method> <!-- AuthActiveModeTest -->
      </class> <!-- com.example.Test1 -->
    </test> <!-- functionaltest -->
    <test started-at="2024-07-27T01:49:20 MSK" name="smoketest" finished-at="2024-07-27T01:49:20 MSK" duration-ms="42">
      <class name="com.example.Test4">
        <test-method signature="GetStudentInfoTest()[pri:0, instance:com.example.Test4@44ebcd03]" started-at="2024-07-27T01:49:20 MSK" name="GetStudentInfoTest" finished-at="2024-07-27T01:49:20 MSK" duration-ms="7" status="PASS">
          <reporter-output>
          </reporter-output>
        </test-method> <!-- GetStudentInfoTest -->
      </class> <!-- com.example.Test4 -->
      <class name="com.example.Test3">
        <test-method signature="GetStudentsTest()[pri:0, instance:com.example.Test3@323b36e0]" started-at="2024-07-27T01:49:20 MSK" name="GetStudentsTest" finished-at="2024-07-27T01:49:20 MSK" duration-ms="4" status="PASS">
          <reporter-output>
          </reporter-output>
        </test-method> <!-- GetStudentsTest -->
      </class> <!-- com.example.Test3 -->
      <class name="com.example.Test6">
        <test-method signature="DeleteStudent()[pri:0, instance:com.example.Test6@2e005c4b]" started-at="2024-07-27T01:49:20 MSK" name="DeleteStudent" finished-at="2024-07-27T01:49:20 MSK" duration-ms="11" status="PASS">
          <reporter-output>
          </reporter-output>
        </test-method> <!-- DeleteStudent -->
      </class> <!-- com.example.Test6 -->
      <class name="com.example.Test5">
        <test-method signature="AddNewStudent()[pri:0, instance:com.example.Test5@694abbdc]" started-at="2024-07-27T01:49:20 MSK" name="AddNewStudent" finished-at="2024-07-27T01:49:20 MSK" duration-ms="6" status="PASS">
          <reporter-output>
          </reporter-output>
        </test-method> <!-- AddNewStudent -->
      </class> <!-- com.example.Test5 -->
    </test> <!-- smoketest -->
  </suite> <!-- Suite1 -->
</testng-results>
