<?xml version="1.0" encoding="UTF-8"?>
<!-- Generated by org.testng.reporters.JUnitXMLReporter -->
<testsuite ignored="0" hostname="LAPTOP-RELTTIAD" failures="0" tests="4" name="smoketest" time="0.042" errors="0" timestamp="2024-07-27T01:49:20 MSK">
  <testcase classname="com.example.Test3" name="GetStudentsTest" time="0.004"/>
  <testcase classname="com.example.Test4" name="GetStudentInfoTest" time="0.007"/>
  <testcase classname="com.example.Test5" name="AddNewStudent" time="0.006"/>
  <testcase classname="com.example.Test6" name="DeleteStudent" time="0.011"/>
</testsuite> <!-- smoketest -->
